[2024-10-19 17:22:54] local.ERROR: Undefined array key 0 {"exception":"[object] (ErrorException(code: 0): Undefined array key 0 at C:\\Users\\Alber\\Documents\\xrom\\closca_api\\vendor\\webklex\\laravel-imap\\src\\Providers\\LaravelServiceProvider.php:130)
[stacktrace]
#0 C:\\Users\\Alber\\Documents\\xrom\\closca_api\\vendor\\laravel\\framework\\src\\Illuminate\\Foundation\\Bootstrap\\HandleExceptions.php(255): Illuminate\\Foundation\\Bootstrap\\HandleExceptions->handleError(2, 'Undefined array...', 'C:\\\\Users\\\\Alber\\\\...', 130)
#1 C:\\Users\\Alber\\Documents\\xrom\\closca_api\\vendor\\webklex\\laravel-imap\\src\\Providers\\LaravelServiceProvider.php(130): Illuminate\\Foundation\\Bootstrap\\HandleExceptions->Illuminate\\Foundation\\Bootstrap\\{closure}(2, 'Undefined array...', 'C:\\\\Users\\\\Alber\\\\...', 130)
#2 C:\\Users\\Alber\\Documents\\xrom\\closca_api\\vendor\\webklex\\laravel-imap\\src\\Providers\\LaravelServiceProvider.php(69): Webklex\\IMAP\\Providers\\LaravelServiceProvider->array_merge_recursive_distinct(Array, 1)
#3 C:\\Users\\Alber\\Documents\\xrom\\closca_api\\vendor\\webklex\\laravel-imap\\src\\Providers\\LaravelServiceProvider.php(43): Webklex\\IMAP\\Providers\\LaravelServiceProvider->setVendorConfig()
#4 C:\\Users\\Alber\\Documents\\xrom\\closca_api\\vendor\\laravel\\framework\\src\\Illuminate\\Foundation\\Application.php(792): Webklex\\IMAP\\Providers\\LaravelServiceProvider->register()
#5 C:\\Users\\Alber\\Documents\\xrom\\closca_api\\vendor\\laravel\\framework\\src\\Illuminate\\Foundation\\ProviderRepository.php(75): Illuminate\\Foundation\\Application->register(Object(Webklex\\IMAP\\Providers\\LaravelServiceProvider))
#6 C:\\Users\\Alber\\Documents\\xrom\\closca_api\\vendor\\laravel\\framework\\src\\Illuminate\\Foundation\\Application.php(769): Illuminate\\Foundation\\ProviderRepository->load(Array)
#7 C:\\Users\\Alber\\Documents\\xrom\\closca_api\\vendor\\laravel\\framework\\src\\Illuminate\\Foundation\\Bootstrap\\RegisterProviders.php(17): Illuminate\\Foundation\\Application->registerConfiguredProviders()
#8 C:\\Users\\Alber\\Documents\\xrom\\closca_api\\vendor\\laravel\\framework\\src\\Illuminate\\Foundation\\Application.php(263): Illuminate\\Foundation\\Bootstrap\\RegisterProviders->bootstrap(Object(Illuminate\\Foundation\\Application))
#9 C:\\Users\\Alber\\Documents\\xrom\\closca_api\\vendor\\laravel\\framework\\src\\Illuminate\\Foundation\\Console\\Kernel.php(447): Illuminate\\Foundation\\Application->bootstrapWith(Array)
#10 C:\\Users\\Alber\\Documents\\xrom\\closca_api\\vendor\\laravel\\framework\\src\\Illuminate\\Foundation\\Console\\Kernel.php(199): Illuminate\\Foundation\\Console\\Kernel->bootstrap()
#11 Command line code(1): Illuminate\\Foundation\\Console\\Kernel->handle(Object(Symfony\\Component\\Console\\Input\\ArgvInput), Object(Symfony\\Component\\Console\\Output\\ConsoleOutput))
#12 {main}
"} 
[2024-10-19 17:23:14] local.ERROR: Illegal offset type in isset or empty {"exception":"[object] (TypeError(code: 0): Illegal offset type in isset or empty at C:\\Users\\Alber\\Documents\\xrom\\closca_api\\vendor\\webklex\\laravel-imap\\src\\Providers\\LaravelServiceProvider.php:78)
[stacktrace]
#0 C:\\Users\\Alber\\Documents\\xrom\\closca_api\\vendor\\webklex\\laravel-imap\\src\\Providers\\LaravelServiceProvider.php(43): Webklex\\IMAP\\Providers\\LaravelServiceProvider->setVendorConfig()
#1 C:\\Users\\Alber\\Documents\\xrom\\closca_api\\vendor\\laravel\\framework\\src\\Illuminate\\Foundation\\Application.php(792): Webklex\\IMAP\\Providers\\LaravelServiceProvider->register()
#2 C:\\Users\\Alber\\Documents\\xrom\\closca_api\\vendor\\laravel\\framework\\src\\Illuminate\\Foundation\\ProviderRepository.php(75): Illuminate\\Foundation\\Application->register(Object(Webklex\\IMAP\\Providers\\LaravelServiceProvider))
#3 C:\\Users\\Alber\\Documents\\xrom\\closca_api\\vendor\\laravel\\framework\\src\\Illuminate\\Foundation\\Application.php(769): Illuminate\\Foundation\\ProviderRepository->load(Array)
#4 C:\\Users\\Alber\\Documents\\xrom\\closca_api\\vendor\\laravel\\framework\\src\\Illuminate\\Foundation\\Bootstrap\\RegisterProviders.php(17): Illuminate\\Foundation\\Application->registerConfiguredProviders()
#5 C:\\Users\\Alber\\Documents\\xrom\\closca_api\\vendor\\laravel\\framework\\src\\Illuminate\\Foundation\\Application.php(263): Illuminate\\Foundation\\Bootstrap\\RegisterProviders->bootstrap(Object(Illuminate\\Foundation\\Application))
#6 C:\\Users\\Alber\\Documents\\xrom\\closca_api\\vendor\\laravel\\framework\\src\\Illuminate\\Foundation\\Console\\Kernel.php(447): Illuminate\\Foundation\\Application->bootstrapWith(Array)
#7 C:\\Users\\Alber\\Documents\\xrom\\closca_api\\vendor\\laravel\\framework\\src\\Illuminate\\Foundation\\Console\\Kernel.php(199): Illuminate\\Foundation\\Console\\Kernel->bootstrap()
#8 Command line code(1): Illuminate\\Foundation\\Console\\Kernel->handle(Object(Symfony\\Component\\Console\\Input\\ArgvInput), Object(Symfony\\Component\\Console\\Output\\ConsoleOutput))
#9 {main}
"} 
[2024-10-19 17:23:38] local.ERROR: Illegal offset type in isset or empty {"exception":"[object] (TypeError(code: 0): Illegal offset type in isset or empty at C:\\Users\\Alber\\Documents\\xrom\\closca_api\\vendor\\webklex\\laravel-imap\\src\\Providers\\LaravelServiceProvider.php:78)
[stacktrace]
#0 C:\\Users\\Alber\\Documents\\xrom\\closca_api\\vendor\\webklex\\laravel-imap\\src\\Providers\\LaravelServiceProvider.php(43): Webklex\\IMAP\\Providers\\LaravelServiceProvider->setVendorConfig()
#1 C:\\Users\\Alber\\Documents\\xrom\\closca_api\\vendor\\laravel\\framework\\src\\Illuminate\\Foundation\\Application.php(792): Webklex\\IMAP\\Providers\\LaravelServiceProvider->register()
#2 C:\\Users\\Alber\\Documents\\xrom\\closca_api\\vendor\\laravel\\framework\\src\\Illuminate\\Foundation\\ProviderRepository.php(75): Illuminate\\Foundation\\Application->register(Object(Webklex\\IMAP\\Providers\\LaravelServiceProvider))
#3 C:\\Users\\Alber\\Documents\\xrom\\closca_api\\vendor\\laravel\\framework\\src\\Illuminate\\Foundation\\Application.php(769): Illuminate\\Foundation\\ProviderRepository->load(Array)
#4 C:\\Users\\Alber\\Documents\\xrom\\closca_api\\vendor\\laravel\\framework\\src\\Illuminate\\Foundation\\Bootstrap\\RegisterProviders.php(17): Illuminate\\Foundation\\Application->registerConfiguredProviders()
#5 C:\\Users\\Alber\\Documents\\xrom\\closca_api\\vendor\\laravel\\framework\\src\\Illuminate\\Foundation\\Application.php(263): Illuminate\\Foundation\\Bootstrap\\RegisterProviders->bootstrap(Object(Illuminate\\Foundation\\Application))
#6 C:\\Users\\Alber\\Documents\\xrom\\closca_api\\vendor\\laravel\\framework\\src\\Illuminate\\Foundation\\Console\\Kernel.php(447): Illuminate\\Foundation\\Application->bootstrapWith(Array)
#7 C:\\Users\\Alber\\Documents\\xrom\\closca_api\\vendor\\laravel\\framework\\src\\Illuminate\\Foundation\\Console\\Kernel.php(199): Illuminate\\Foundation\\Console\\Kernel->bootstrap()
#8 C:\\Users\\Alber\\Documents\\xrom\\closca_api\\artisan(37): Illuminate\\Foundation\\Console\\Kernel->handle(Object(Symfony\\Component\\Console\\Input\\ArgvInput), Object(Symfony\\Component\\Console\\Output\\ConsoleOutput))
#9 {main}
"} 
[2024-10-19 17:23:54] local.ERROR: Illegal offset type in isset or empty {"exception":"[object] (TypeError(code: 0): Illegal offset type in isset or empty at C:\\Users\\Alber\\Documents\\xrom\\closca_api\\vendor\\webklex\\laravel-imap\\src\\Providers\\LaravelServiceProvider.php:78)
[stacktrace]
#0 C:\\Users\\Alber\\Documents\\xrom\\closca_api\\vendor\\webklex\\laravel-imap\\src\\Providers\\LaravelServiceProvider.php(43): Webklex\\IMAP\\Providers\\LaravelServiceProvider->setVendorConfig()
#1 C:\\Users\\Alber\\Documents\\xrom\\closca_api\\vendor\\laravel\\framework\\src\\Illuminate\\Foundation\\Application.php(792): Webklex\\IMAP\\Providers\\LaravelServiceProvider->register()
#2 C:\\Users\\Alber\\Documents\\xrom\\closca_api\\vendor\\laravel\\framework\\src\\Illuminate\\Foundation\\ProviderRepository.php(75): Illuminate\\Foundation\\Application->register(Object(Webklex\\IMAP\\Providers\\LaravelServiceProvider))
#3 C:\\Users\\Alber\\Documents\\xrom\\closca_api\\vendor\\laravel\\framework\\src\\Illuminate\\Foundation\\Application.php(769): Illuminate\\Foundation\\ProviderRepository->load(Array)
#4 C:\\Users\\Alber\\Documents\\xrom\\closca_api\\vendor\\laravel\\framework\\src\\Illuminate\\Foundation\\Bootstrap\\RegisterProviders.php(17): Illuminate\\Foundation\\Application->registerConfiguredProviders()
#5 C:\\Users\\Alber\\Documents\\xrom\\closca_api\\vendor\\laravel\\framework\\src\\Illuminate\\Foundation\\Application.php(263): Illuminate\\Foundation\\Bootstrap\\RegisterProviders->bootstrap(Object(Illuminate\\Foundation\\Application))
#6 C:\\Users\\Alber\\Documents\\xrom\\closca_api\\vendor\\laravel\\framework\\src\\Illuminate\\Foundation\\Console\\Kernel.php(447): Illuminate\\Foundation\\Application->bootstrapWith(Array)
#7 C:\\Users\\Alber\\Documents\\xrom\\closca_api\\vendor\\laravel\\framework\\src\\Illuminate\\Foundation\\Console\\Kernel.php(199): Illuminate\\Foundation\\Console\\Kernel->bootstrap()
#8 Command line code(1): Illuminate\\Foundation\\Console\\Kernel->handle(Object(Symfony\\Component\\Console\\Input\\ArgvInput), Object(Symfony\\Component\\Console\\Output\\ConsoleOutput))
#9 {main}
"} 
[2024-10-19 17:23:54] local.ERROR: Illegal offset type in isset or empty {"exception":"[object] (TypeError(code: 0): Illegal offset type in isset or empty at C:\\Users\\Alber\\Documents\\xrom\\closca_api\\vendor\\webklex\\laravel-imap\\src\\Providers\\LaravelServiceProvider.php:78)
[stacktrace]
#0 C:\\Users\\Alber\\Documents\\xrom\\closca_api\\vendor\\webklex\\laravel-imap\\src\\Providers\\LaravelServiceProvider.php(43): Webklex\\IMAP\\Providers\\LaravelServiceProvider->setVendorConfig()
#1 C:\\Users\\Alber\\Documents\\xrom\\closca_api\\vendor\\laravel\\framework\\src\\Illuminate\\Foundation\\Application.php(792): Webklex\\IMAP\\Providers\\LaravelServiceProvider->register()
#2 C:\\Users\\Alber\\Documents\\xrom\\closca_api\\vendor\\laravel\\framework\\src\\Illuminate\\Foundation\\ProviderRepository.php(75): Illuminate\\Foundation\\Application->register(Object(Webklex\\IMAP\\Providers\\LaravelServiceProvider))
#3 C:\\Users\\Alber\\Documents\\xrom\\closca_api\\vendor\\laravel\\framework\\src\\Illuminate\\Foundation\\Application.php(769): Illuminate\\Foundation\\ProviderRepository->load(Array)
#4 C:\\Users\\Alber\\Documents\\xrom\\closca_api\\vendor\\laravel\\framework\\src\\Illuminate\\Foundation\\Bootstrap\\RegisterProviders.php(17): Illuminate\\Foundation\\Application->registerConfiguredProviders()
#5 C:\\Users\\Alber\\Documents\\xrom\\closca_api\\vendor\\laravel\\framework\\src\\Illuminate\\Foundation\\Application.php(263): Illuminate\\Foundation\\Bootstrap\\RegisterProviders->bootstrap(Object(Illuminate\\Foundation\\Application))
#6 C:\\Users\\Alber\\Documents\\xrom\\closca_api\\vendor\\laravel\\framework\\src\\Illuminate\\Foundation\\Console\\Kernel.php(447): Illuminate\\Foundation\\Application->bootstrapWith(Array)
#7 C:\\Users\\Alber\\Documents\\xrom\\closca_api\\vendor\\laravel\\framework\\src\\Illuminate\\Foundation\\Console\\Kernel.php(199): Illuminate\\Foundation\\Console\\Kernel->bootstrap()
#8 Command line code(1): Illuminate\\Foundation\\Console\\Kernel->handle(Object(Symfony\\Component\\Console\\Input\\ArgvInput), Object(Symfony\\Component\\Console\\Output\\ConsoleOutput))
#9 {main}
"} 
[2024-10-19 17:24:51] laravel.EMERGENCY: Unable to create configured logger. Using emergency logger. {"exception":"[object] (InvalidArgumentException(code: 0): Log [] is not defined. at C:\\Users\\Alber\\Documents\\xrom\\closca_api\\vendor\\laravel\\framework\\src\\Illuminate\\Log\\LogManager.php:212)
[stacktrace]
#0 C:\\Users\\Alber\\Documents\\xrom\\closca_api\\vendor\\laravel\\framework\\src\\Illuminate\\Log\\LogManager.php(137): Illuminate\\Log\\LogManager->resolve(NULL, NULL)
#1 C:\\Users\\Alber\\Documents\\xrom\\closca_api\\vendor\\laravel\\framework\\src\\Illuminate\\Log\\LogManager.php(124): Illuminate\\Log\\LogManager->get(NULL)
#2 C:\\Users\\Alber\\Documents\\xrom\\closca_api\\vendor\\laravel\\framework\\src\\Illuminate\\Log\\LogManager.php(681): Illuminate\\Log\\LogManager->driver()
#3 C:\\Users\\Alber\\Documents\\xrom\\closca_api\\vendor\\laravel\\framework\\src\\Illuminate\\Foundation\\Exceptions\\Handler.php(317): Illuminate\\Log\\LogManager->error('Undefined const...', Array)
#4 C:\\Users\\Alber\\Documents\\xrom\\closca_api\\vendor\\laravel\\framework\\src\\Illuminate\\Foundation\\Exceptions\\Handler.php(278): Illuminate\\Foundation\\Exceptions\\Handler->reportThrowable(Object(Error))
#5 C:\\Users\\Alber\\Documents\\xrom\\closca_api\\vendor\\laravel\\framework\\src\\Illuminate\\Foundation\\Console\\Kernel.php(523): Illuminate\\Foundation\\Exceptions\\Handler->report(Object(Error))
#6 C:\\Users\\Alber\\Documents\\xrom\\closca_api\\vendor\\laravel\\framework\\src\\Illuminate\\Foundation\\Console\\Kernel.php(203): Illuminate\\Foundation\\Console\\Kernel->reportException(Object(Error))
#7 Command line code(1): Illuminate\\Foundation\\Console\\Kernel->handle(Object(Symfony\\Component\\Console\\Input\\ArgvInput), Object(Symfony\\Component\\Console\\Output\\ConsoleOutput))
#8 {main}
"} 
[2024-10-19 17:24:51] laravel.ERROR: Undefined constant "FT_UID" {"exception":"[object] (Error(code: 0): Undefined constant \"FT_UID\" at C:\\Users\\Alber\\Documents\\xrom\\closca_api\\config\\imap.php:28)
[stacktrace]
#0 C:\\Users\\Alber\\Documents\\xrom\\closca_api\\vendor\\laravel\\framework\\src\\Illuminate\\Foundation\\Bootstrap\\LoadConfiguration.php(70): require()
#1 C:\\Users\\Alber\\Documents\\xrom\\closca_api\\vendor\\laravel\\framework\\src\\Illuminate\\Foundation\\Bootstrap\\LoadConfiguration.php(39): Illuminate\\Foundation\\Bootstrap\\LoadConfiguration->loadConfigurationFiles(Object(Illuminate\\Foundation\\Application), Object(Illuminate\\Config\\Repository))
#2 C:\\Users\\Alber\\Documents\\xrom\\closca_api\\vendor\\laravel\\framework\\src\\Illuminate\\Foundation\\Application.php(263): Illuminate\\Foundation\\Bootstrap\\LoadConfiguration->bootstrap(Object(Illuminate\\Foundation\\Application))
#3 C:\\Users\\Alber\\Documents\\xrom\\closca_api\\vendor\\laravel\\framework\\src\\Illuminate\\Foundation\\Console\\Kernel.php(447): Illuminate\\Foundation\\Application->bootstrapWith(Array)
#4 C:\\Users\\Alber\\Documents\\xrom\\closca_api\\vendor\\laravel\\framework\\src\\Illuminate\\Foundation\\Console\\Kernel.php(199): Illuminate\\Foundation\\Console\\Kernel->bootstrap()
#5 Command line code(1): Illuminate\\Foundation\\Console\\Kernel->handle(Object(Symfony\\Component\\Console\\Input\\ArgvInput), Object(Symfony\\Component\\Console\\Output\\ConsoleOutput))
#6 {main}
"} 
[2024-10-19 17:24:53] laravel.EMERGENCY: Unable to create configured logger. Using emergency logger. {"exception":"[object] (InvalidArgumentException(code: 0): Log [] is not defined. at C:\\Users\\Alber\\Documents\\xrom\\closca_api\\vendor\\laravel\\framework\\src\\Illuminate\\Log\\LogManager.php:212)
[stacktrace]
#0 C:\\Users\\Alber\\Documents\\xrom\\closca_api\\vendor\\laravel\\framework\\src\\Illuminate\\Log\\LogManager.php(137): Illuminate\\Log\\LogManager->resolve(NULL, NULL)
#1 C:\\Users\\Alber\\Documents\\xrom\\closca_api\\vendor\\laravel\\framework\\src\\Illuminate\\Log\\LogManager.php(124): Illuminate\\Log\\LogManager->get(NULL)
#2 C:\\Users\\Alber\\Documents\\xrom\\closca_api\\vendor\\laravel\\framework\\src\\Illuminate\\Log\\LogManager.php(681): Illuminate\\Log\\LogManager->driver()
#3 C:\\Users\\Alber\\Documents\\xrom\\closca_api\\vendor\\laravel\\framework\\src\\Illuminate\\Foundation\\Exceptions\\Handler.php(317): Illuminate\\Log\\LogManager->error('Undefined const...', Array)
#4 C:\\Users\\Alber\\Documents\\xrom\\closca_api\\vendor\\laravel\\framework\\src\\Illuminate\\Foundation\\Exceptions\\Handler.php(278): Illuminate\\Foundation\\Exceptions\\Handler->reportThrowable(Object(Error))
#5 C:\\Users\\Alber\\Documents\\xrom\\closca_api\\vendor\\laravel\\framework\\src\\Illuminate\\Foundation\\Console\\Kernel.php(523): Illuminate\\Foundation\\Exceptions\\Handler->report(Object(Error))
#6 C:\\Users\\Alber\\Documents\\xrom\\closca_api\\vendor\\laravel\\framework\\src\\Illuminate\\Foundation\\Console\\Kernel.php(203): Illuminate\\Foundation\\Console\\Kernel->reportException(Object(Error))
#7 C:\\Users\\Alber\\Documents\\xrom\\closca_api\\artisan(37): Illuminate\\Foundation\\Console\\Kernel->handle(Object(Symfony\\Component\\Console\\Input\\ArgvInput), Object(Symfony\\Component\\Console\\Output\\ConsoleOutput))
#8 {main}
"} 
[2024-10-19 17:24:53] laravel.ERROR: Undefined constant "FT_UID" {"exception":"[object] (Error(code: 0): Undefined constant \"FT_UID\" at C:\\Users\\Alber\\Documents\\xrom\\closca_api\\config\\imap.php:28)
[stacktrace]
#0 C:\\Users\\Alber\\Documents\\xrom\\closca_api\\vendor\\laravel\\framework\\src\\Illuminate\\Foundation\\Bootstrap\\LoadConfiguration.php(70): require()
#1 C:\\Users\\Alber\\Documents\\xrom\\closca_api\\vendor\\laravel\\framework\\src\\Illuminate\\Foundation\\Bootstrap\\LoadConfiguration.php(39): Illuminate\\Foundation\\Bootstrap\\LoadConfiguration->loadConfigurationFiles(Object(Illuminate\\Foundation\\Application), Object(Illuminate\\Config\\Repository))
#2 C:\\Users\\Alber\\Documents\\xrom\\closca_api\\vendor\\laravel\\framework\\src\\Illuminate\\Foundation\\Application.php(263): Illuminate\\Foundation\\Bootstrap\\LoadConfiguration->bootstrap(Object(Illuminate\\Foundation\\Application))
#3 C:\\Users\\Alber\\Documents\\xrom\\closca_api\\vendor\\laravel\\framework\\src\\Illuminate\\Foundation\\Console\\Kernel.php(447): Illuminate\\Foundation\\Application->bootstrapWith(Array)
#4 C:\\Users\\Alber\\Documents\\xrom\\closca_api\\vendor\\laravel\\framework\\src\\Illuminate\\Foundation\\Console\\Kernel.php(199): Illuminate\\Foundation\\Console\\Kernel->bootstrap()
#5 C:\\Users\\Alber\\Documents\\xrom\\closca_api\\artisan(37): Illuminate\\Foundation\\Console\\Kernel->handle(Object(Symfony\\Component\\Console\\Input\\ArgvInput), Object(Symfony\\Component\\Console\\Output\\ConsoleOutput))
#6 {main}
"} 
[2024-10-19 17:24:53] laravel.EMERGENCY: Unable to create configured logger. Using emergency logger. {"exception":"[object] (InvalidArgumentException(code: 0): Log [] is not defined. at C:\\Users\\Alber\\Documents\\xrom\\closca_api\\vendor\\laravel\\framework\\src\\Illuminate\\Log\\LogManager.php:212)
[stacktrace]
#0 C:\\Users\\Alber\\Documents\\xrom\\closca_api\\vendor\\laravel\\framework\\src\\Illuminate\\Log\\LogManager.php(137): Illuminate\\Log\\LogManager->resolve(NULL, NULL)
#1 C:\\Users\\Alber\\Documents\\xrom\\closca_api\\vendor\\laravel\\framework\\src\\Illuminate\\Log\\LogManager.php(124): Illuminate\\Log\\LogManager->get(NULL)
#2 C:\\Users\\Alber\\Documents\\xrom\\closca_api\\vendor\\laravel\\framework\\src\\Illuminate\\Log\\LogManager.php(681): Illuminate\\Log\\LogManager->driver()
#3 C:\\Users\\Alber\\Documents\\xrom\\closca_api\\vendor\\laravel\\framework\\src\\Illuminate\\Foundation\\Exceptions\\Handler.php(317): Illuminate\\Log\\LogManager->error('Undefined const...', Array)
#4 C:\\Users\\Alber\\Documents\\xrom\\closca_api\\vendor\\laravel\\framework\\src\\Illuminate\\Foundation\\Exceptions\\Handler.php(278): Illuminate\\Foundation\\Exceptions\\Handler->reportThrowable(Object(Error))
#5 C:\\Users\\Alber\\Documents\\xrom\\closca_api\\vendor\\laravel\\framework\\src\\Illuminate\\Foundation\\Console\\Kernel.php(523): Illuminate\\Foundation\\Exceptions\\Handler->report(Object(Error))
#6 C:\\Users\\Alber\\Documents\\xrom\\closca_api\\vendor\\laravel\\framework\\src\\Illuminate\\Foundation\\Console\\Kernel.php(203): Illuminate\\Foundation\\Console\\Kernel->reportException(Object(Error))
#7 C:\\Users\\Alber\\Documents\\xrom\\closca_api\\artisan(37): Illuminate\\Foundation\\Console\\Kernel->handle(Object(Symfony\\Component\\Console\\Input\\ArgvInput), Object(Symfony\\Component\\Console\\Output\\ConsoleOutput))
#8 {main}
"} 
[2024-10-19 17:24:53] laravel.ERROR: Undefined constant "FT_UID" {"exception":"[object] (Error(code: 0): Undefined constant \"FT_UID\" at C:\\Users\\Alber\\Documents\\xrom\\closca_api\\config\\imap.php:28)
[stacktrace]
#0 C:\\Users\\Alber\\Documents\\xrom\\closca_api\\vendor\\laravel\\framework\\src\\Illuminate\\Foundation\\Bootstrap\\LoadConfiguration.php(70): require()
#1 C:\\Users\\Alber\\Documents\\xrom\\closca_api\\vendor\\laravel\\framework\\src\\Illuminate\\Foundation\\Bootstrap\\LoadConfiguration.php(39): Illuminate\\Foundation\\Bootstrap\\LoadConfiguration->loadConfigurationFiles(Object(Illuminate\\Foundation\\Application), Object(Illuminate\\Config\\Repository))
#2 C:\\Users\\Alber\\Documents\\xrom\\closca_api\\vendor\\laravel\\framework\\src\\Illuminate\\Foundation\\Application.php(263): Illuminate\\Foundation\\Bootstrap\\LoadConfiguration->bootstrap(Object(Illuminate\\Foundation\\Application))
#3 C:\\Users\\Alber\\Documents\\xrom\\closca_api\\vendor\\laravel\\framework\\src\\Illuminate\\Foundation\\Console\\Kernel.php(447): Illuminate\\Foundation\\Application->bootstrapWith(Array)
#4 C:\\Users\\Alber\\Documents\\xrom\\closca_api\\vendor\\laravel\\framework\\src\\Illuminate\\Foundation\\Console\\Kernel.php(199): Illuminate\\Foundation\\Console\\Kernel->bootstrap()
#5 C:\\Users\\Alber\\Documents\\xrom\\closca_api\\artisan(37): Illuminate\\Foundation\\Console\\Kernel->handle(Object(Symfony\\Component\\Console\\Input\\ArgvInput), Object(Symfony\\Component\\Console\\Output\\ConsoleOutput))
#6 {main}
"} 
[2024-10-19 17:24:54] laravel.EMERGENCY: Unable to create configured logger. Using emergency logger. {"exception":"[object] (InvalidArgumentException(code: 0): Log [] is not defined. at C:\\Users\\Alber\\Documents\\xrom\\closca_api\\vendor\\laravel\\framework\\src\\Illuminate\\Log\\LogManager.php:212)
[stacktrace]
#0 C:\\Users\\Alber\\Documents\\xrom\\closca_api\\vendor\\laravel\\framework\\src\\Illuminate\\Log\\LogManager.php(137): Illuminate\\Log\\LogManager->resolve(NULL, NULL)
#1 C:\\Users\\Alber\\Documents\\xrom\\closca_api\\vendor\\laravel\\framework\\src\\Illuminate\\Log\\LogManager.php(124): Illuminate\\Log\\LogManager->get(NULL)
#2 C:\\Users\\Alber\\Documents\\xrom\\closca_api\\vendor\\laravel\\framework\\src\\Illuminate\\Log\\LogManager.php(681): Illuminate\\Log\\LogManager->driver()
#3 C:\\Users\\Alber\\Documents\\xrom\\closca_api\\vendor\\laravel\\framework\\src\\Illuminate\\Foundation\\Exceptions\\Handler.php(317): Illuminate\\Log\\LogManager->error('Undefined const...', Array)
#4 C:\\Users\\Alber\\Documents\\xrom\\closca_api\\vendor\\laravel\\framework\\src\\Illuminate\\Foundation\\Exceptions\\Handler.php(278): Illuminate\\Foundation\\Exceptions\\Handler->reportThrowable(Object(Error))
#5 C:\\Users\\Alber\\Documents\\xrom\\closca_api\\vendor\\laravel\\framework\\src\\Illuminate\\Foundation\\Console\\Kernel.php(523): Illuminate\\Foundation\\Exceptions\\Handler->report(Object(Error))
#6 C:\\Users\\Alber\\Documents\\xrom\\closca_api\\vendor\\laravel\\framework\\src\\Illuminate\\Foundation\\Console\\Kernel.php(203): Illuminate\\Foundation\\Console\\Kernel->reportException(Object(Error))
#7 Command line code(1): Illuminate\\Foundation\\Console\\Kernel->handle(Object(Symfony\\Component\\Console\\Input\\ArgvInput), Object(Symfony\\Component\\Console\\Output\\ConsoleOutput))
#8 {main}
"} 
[2024-10-19 17:24:54] laravel.ERROR: Undefined constant "FT_UID" {"exception":"[object] (Error(code: 0): Undefined constant \"FT_UID\" at C:\\Users\\Alber\\Documents\\xrom\\closca_api\\config\\imap.php:28)
[stacktrace]
#0 C:\\Users\\Alber\\Documents\\xrom\\closca_api\\vendor\\laravel\\framework\\src\\Illuminate\\Foundation\\Bootstrap\\LoadConfiguration.php(70): require()
#1 C:\\Users\\Alber\\Documents\\xrom\\closca_api\\vendor\\laravel\\framework\\src\\Illuminate\\Foundation\\Bootstrap\\LoadConfiguration.php(39): Illuminate\\Foundation\\Bootstrap\\LoadConfiguration->loadConfigurationFiles(Object(Illuminate\\Foundation\\Application), Object(Illuminate\\Config\\Repository))
#2 C:\\Users\\Alber\\Documents\\xrom\\closca_api\\vendor\\laravel\\framework\\src\\Illuminate\\Foundation\\Application.php(263): Illuminate\\Foundation\\Bootstrap\\LoadConfiguration->bootstrap(Object(Illuminate\\Foundation\\Application))
#3 C:\\Users\\Alber\\Documents\\xrom\\closca_api\\vendor\\laravel\\framework\\src\\Illuminate\\Foundation\\Console\\Kernel.php(447): Illuminate\\Foundation\\Application->bootstrapWith(Array)
#4 C:\\Users\\Alber\\Documents\\xrom\\closca_api\\vendor\\laravel\\framework\\src\\Illuminate\\Foundation\\Console\\Kernel.php(199): Illuminate\\Foundation\\Console\\Kernel->bootstrap()
#5 Command line code(1): Illuminate\\Foundation\\Console\\Kernel->handle(Object(Symfony\\Component\\Console\\Input\\ArgvInput), Object(Symfony\\Component\\Console\\Output\\ConsoleOutput))
#6 {main}
"} 
[2024-10-19 17:24:54] laravel.EMERGENCY: Unable to create configured logger. Using emergency logger. {"exception":"[object] (InvalidArgumentException(code: 0): Log [] is not defined. at C:\\Users\\Alber\\Documents\\xrom\\closca_api\\vendor\\laravel\\framework\\src\\Illuminate\\Log\\LogManager.php:212)
[stacktrace]
#0 C:\\Users\\Alber\\Documents\\xrom\\closca_api\\vendor\\laravel\\framework\\src\\Illuminate\\Log\\LogManager.php(137): Illuminate\\Log\\LogManager->resolve(NULL, NULL)
#1 C:\\Users\\Alber\\Documents\\xrom\\closca_api\\vendor\\laravel\\framework\\src\\Illuminate\\Log\\LogManager.php(124): Illuminate\\Log\\LogManager->get(NULL)
#2 C:\\Users\\Alber\\Documents\\xrom\\closca_api\\vendor\\laravel\\framework\\src\\Illuminate\\Log\\LogManager.php(681): Illuminate\\Log\\LogManager->driver()
#3 C:\\Users\\Alber\\Documents\\xrom\\closca_api\\vendor\\laravel\\framework\\src\\Illuminate\\Foundation\\Exceptions\\Handler.php(317): Illuminate\\Log\\LogManager->error('Undefined const...', Array)
#4 C:\\Users\\Alber\\Documents\\xrom\\closca_api\\vendor\\laravel\\framework\\src\\Illuminate\\Foundation\\Exceptions\\Handler.php(278): Illuminate\\Foundation\\Exceptions\\Handler->reportThrowable(Object(Error))
#5 C:\\Users\\Alber\\Documents\\xrom\\closca_api\\vendor\\laravel\\framework\\src\\Illuminate\\Foundation\\Console\\Kernel.php(523): Illuminate\\Foundation\\Exceptions\\Handler->report(Object(Error))
#6 C:\\Users\\Alber\\Documents\\xrom\\closca_api\\vendor\\laravel\\framework\\src\\Illuminate\\Foundation\\Console\\Kernel.php(203): Illuminate\\Foundation\\Console\\Kernel->reportException(Object(Error))
#7 Command line code(1): Illuminate\\Foundation\\Console\\Kernel->handle(Object(Symfony\\Component\\Console\\Input\\ArgvInput), Object(Symfony\\Component\\Console\\Output\\ConsoleOutput))
#8 {main}
"} 
[2024-10-19 17:24:54] laravel.ERROR: Undefined constant "FT_UID" {"exception":"[object] (Error(code: 0): Undefined constant \"FT_UID\" at C:\\Users\\Alber\\Documents\\xrom\\closca_api\\config\\imap.php:28)
[stacktrace]
#0 C:\\Users\\Alber\\Documents\\xrom\\closca_api\\vendor\\laravel\\framework\\src\\Illuminate\\Foundation\\Bootstrap\\LoadConfiguration.php(70): require()
#1 C:\\Users\\Alber\\Documents\\xrom\\closca_api\\vendor\\laravel\\framework\\src\\Illuminate\\Foundation\\Bootstrap\\LoadConfiguration.php(39): Illuminate\\Foundation\\Bootstrap\\LoadConfiguration->loadConfigurationFiles(Object(Illuminate\\Foundation\\Application), Object(Illuminate\\Config\\Repository))
#2 C:\\Users\\Alber\\Documents\\xrom\\closca_api\\vendor\\laravel\\framework\\src\\Illuminate\\Foundation\\Application.php(263): Illuminate\\Foundation\\Bootstrap\\LoadConfiguration->bootstrap(Object(Illuminate\\Foundation\\Application))
#3 C:\\Users\\Alber\\Documents\\xrom\\closca_api\\vendor\\laravel\\framework\\src\\Illuminate\\Foundation\\Console\\Kernel.php(447): Illuminate\\Foundation\\Application->bootstrapWith(Array)
#4 C:\\Users\\Alber\\Documents\\xrom\\closca_api\\vendor\\laravel\\framework\\src\\Illuminate\\Foundation\\Console\\Kernel.php(199): Illuminate\\Foundation\\Console\\Kernel->bootstrap()
#5 Command line code(1): Illuminate\\Foundation\\Console\\Kernel->handle(Object(Symfony\\Component\\Console\\Input\\ArgvInput), Object(Symfony\\Component\\Console\\Output\\ConsoleOutput))
#6 {main}
"} 
[2024-10-19 17:28:51] local.ERROR: Allowed memory size of 1073741824 bytes exhausted (tried to allocate 20480 bytes) {"exception":"[object] (Symfony\\Component\\ErrorHandler\\Error\\FatalError(code: 0): Allowed memory size of 1073741824 bytes exhausted (tried to allocate 20480 bytes) at C:\\Users\\Alber\\Documents\\xrom\\closca_api\\vendor\\webklex\\php-imap\\src\\Connection\\Protocols\\ImapProtocol.php:208)
[stacktrace]
#0 {main}
"} 
[2024-10-19 19:16:31] local.ERROR: Allowed memory size of 1073741824 bytes exhausted (tried to allocate 40960 bytes) {"exception":"[object] (Symfony\\Component\\ErrorHandler\\Error\\FatalError(code: 0): Allowed memory size of 1073741824 bytes exhausted (tried to allocate 40960 bytes) at C:\\Users\\Alber\\Documents\\xrom\\closca_api\\vendor\\webklex\\php-imap\\src\\Connection\\Protocols\\ImapProtocol.php:208)
[stacktrace]
#0 {main}
"} 
[2024-10-19 19:37:31] local.INFO: Conexión al servidor IMAP exitosa.  
[2024-10-19 19:37:31] local.INFO: Obteniendo mensajes no leídos desde los últimos 10 minutos: 2024-10-19 19:27:31  
[2024-10-19 19:41:40] local.ERROR: Allowed memory size of 1073741824 bytes exhausted (tried to allocate 268435464 bytes) {"exception":"[object] (Symfony\\Component\\ErrorHandler\\Error\\FatalError(code: 0): Allowed memory size of 1073741824 bytes exhausted (tried to allocate 268435464 bytes) at C:\\Users\\Alber\\Documents\\xrom\\closca_api\\vendor\\webklex\\php-imap\\src\\Connection\\Protocols\\Response.php:196)
[stacktrace]
#0 {main}
"} 
[2024-10-19 20:03:26] local.INFO: Iniciando el proceso de revisión de correos de los últimos 10 minutos.  
[2024-10-19 20:03:27] local.INFO: Conexión al servidor IMAP exitosa.  
[2024-10-19 20:03:27] local.INFO: Obteniendo mensajes no leídos desde los últimos 10 minutos: 2024-10-19 19:53:27  
[2024-10-19 20:03:27] local.ERROR: Error al obtener los mensajes: BAD
Could
not
parse
command  
[2024-10-19 20:03:49] local.INFO: Iniciando el proceso de revisión de correos de los últimos 10 minutos.  
[2024-10-19 20:03:50] local.INFO: Conexión al servidor IMAP exitosa.  
[2024-10-19 20:03:50] local.INFO: Obteniendo mensajes no leídos desde los últimos 10 minutos: 2024-10-19 19:53:50  
[2024-10-19 20:03:50] local.ERROR: BAD
Could
not
parse
command {"exception":"[object] (Webklex\\PHPIMAP\\Exceptions\\ImapServerErrorException(code: 0): BAD
Could
not
parse
command at C:\\Users\\Alber\\Documents\\xrom\\closca_api\\vendor\\webklex\\php-imap\\src\\Connection\\Protocols\\ImapProtocol.php:309)
[stacktrace]
#0 C:\\Users\\Alber\\Documents\\xrom\\closca_api\\vendor\\webklex\\php-imap\\src\\Connection\\Protocols\\ImapProtocol.php(383): Webklex\\PHPIMAP\\Connection\\Protocols\\ImapProtocol->readResponse(Object(Webklex\\PHPIMAP\\Connection\\Protocols\\Response), 'TAG4', false)
#1 C:\\Users\\Alber\\Documents\\xrom\\closca_api\\vendor\\webklex\\php-imap\\src\\Connection\\Protocols\\ImapProtocol.php(1223): Webklex\\PHPIMAP\\Connection\\Protocols\\ImapProtocol->requestAndResponse('UID SEARCH', Array)
#2 C:\\Users\\Alber\\Documents\\xrom\\closca_api\\vendor\\webklex\\php-imap\\src\\Query\\Query.php(197): Webklex\\PHPIMAP\\Connection\\Protocols\\ImapProtocol->search(Array, 1)
#3 C:\\Users\\Alber\\Documents\\xrom\\closca_api\\vendor\\webklex\\php-imap\\src\\Query\\Query.php(378): Webklex\\PHPIMAP\\Query\\Query->search()
#4 C:\\Users\\Alber\\Documents\\xrom\\closca_api\\app\\Console\\Commands\\CheckMails.php(37): Webklex\\PHPIMAP\\Query\\Query->get()
#5 C:\\Users\\Alber\\Documents\\xrom\\closca_api\\vendor\\laravel\\framework\\src\\Illuminate\\Container\\BoundMethod.php(36): App\\Console\\Commands\\CheckMails->handle()
#6 C:\\Users\\Alber\\Documents\\xrom\\closca_api\\vendor\\laravel\\framework\\src\\Illuminate\\Container\\Util.php(41): Illuminate\\Container\\BoundMethod::Illuminate\\Container\\{closure}()
#7 C:\\Users\\Alber\\Documents\\xrom\\closca_api\\vendor\\laravel\\framework\\src\\Illuminate\\Container\\BoundMethod.php(93): Illuminate\\Container\\Util::unwrapIfClosure(Object(Closure))
#8 C:\\Users\\Alber\\Documents\\xrom\\closca_api\\vendor\\laravel\\framework\\src\\Illuminate\\Container\\BoundMethod.php(37): Illuminate\\Container\\BoundMethod::callBoundMethod(Object(Illuminate\\Foundation\\Application), Array, Object(Closure))
#9 C:\\Users\\Alber\\Documents\\xrom\\closca_api\\vendor\\laravel\\framework\\src\\Illuminate\\Container\\Container.php(662): Illuminate\\Container\\BoundMethod::call(Object(Illuminate\\Foundation\\Application), Array, Array, NULL)
#10 C:\\Users\\Alber\\Documents\\xrom\\closca_api\\vendor\\laravel\\framework\\src\\Illuminate\\Console\\Command.php(211): Illuminate\\Container\\Container->call(Array)
#11 C:\\Users\\Alber\\Documents\\xrom\\closca_api\\vendor\\symfony\\console\\Command\\Command.php(326): Illuminate\\Console\\Command->execute(Object(Symfony\\Component\\Console\\Input\\ArgvInput), Object(Illuminate\\Console\\OutputStyle))
#12 C:\\Users\\Alber\\Documents\\xrom\\closca_api\\vendor\\laravel\\framework\\src\\Illuminate\\Console\\Command.php(181): Symfony\\Component\\Console\\Command\\Command->run(Object(Symfony\\Component\\Console\\Input\\ArgvInput), Object(Illuminate\\Console\\OutputStyle))
#13 C:\\Users\\Alber\\Documents\\xrom\\closca_api\\vendor\\symfony\\console\\Application.php(1096): Illuminate\\Console\\Command->run(Object(Symfony\\Component\\Console\\Input\\ArgvInput), Object(Symfony\\Component\\Console\\Output\\ConsoleOutput))
#14 C:\\Users\\Alber\\Documents\\xrom\\closca_api\\vendor\\symfony\\console\\Application.php(324): Symfony\\Component\\Console\\Application->doRunCommand(Object(App\\Console\\Commands\\CheckMails), Object(Symfony\\Component\\Console\\Input\\ArgvInput), Object(Symfony\\Component\\Console\\Output\\ConsoleOutput))
#15 C:\\Users\\Alber\\Documents\\xrom\\closca_api\\vendor\\symfony\\console\\Application.php(175): Symfony\\Component\\Console\\Application->doRun(Object(Symfony\\Component\\Console\\Input\\ArgvInput), Object(Symfony\\Component\\Console\\Output\\ConsoleOutput))
#16 C:\\Users\\Alber\\Documents\\xrom\\closca_api\\vendor\\laravel\\framework\\src\\Illuminate\\Foundation\\Console\\Kernel.php(201): Symfony\\Component\\Console\\Application->run(Object(Symfony\\Component\\Console\\Input\\ArgvInput), Object(Symfony\\Component\\Console\\Output\\ConsoleOutput))
#17 C:\\Users\\Alber\\Documents\\xrom\\closca_api\\artisan(37): Illuminate\\Foundation\\Console\\Kernel->handle(Object(Symfony\\Component\\Console\\Input\\ArgvInput), Object(Symfony\\Component\\Console\\Output\\ConsoleOutput))
#18 {main}
"} 
[2024-10-19 20:04:28] local.INFO: Iniciando el proceso de revisión de correos de los últimos 10 minutos.  
[2024-10-19 20:04:28] local.INFO: Conexión al servidor IMAP exitosa.  
[2024-10-19 20:04:29] local.INFO: Obteniendo mensajes no leídos desde los últimos 10 minutos: 2024-10-19 19:54:29  
[2024-10-19 20:04:29] local.ERROR: BAD
Could
not
parse
command {"exception":"[object] (Webklex\\PHPIMAP\\Exceptions\\ImapServerErrorException(code: 0): BAD
Could
not
parse
command at C:\\Users\\Alber\\Documents\\xrom\\closca_api\\vendor\\webklex\\php-imap\\src\\Connection\\Protocols\\ImapProtocol.php:309)
[stacktrace]
#0 C:\\Users\\Alber\\Documents\\xrom\\closca_api\\vendor\\webklex\\php-imap\\src\\Connection\\Protocols\\ImapProtocol.php(383): Webklex\\PHPIMAP\\Connection\\Protocols\\ImapProtocol->readResponse(Object(Webklex\\PHPIMAP\\Connection\\Protocols\\Response), 'TAG4', false)
#1 C:\\Users\\Alber\\Documents\\xrom\\closca_api\\vendor\\webklex\\php-imap\\src\\Connection\\Protocols\\ImapProtocol.php(1223): Webklex\\PHPIMAP\\Connection\\Protocols\\ImapProtocol->requestAndResponse('UID SEARCH', Array)
#2 C:\\Users\\Alber\\Documents\\xrom\\closca_api\\vendor\\webklex\\php-imap\\src\\Query\\Query.php(197): Webklex\\PHPIMAP\\Connection\\Protocols\\ImapProtocol->search(Array, 1)
#3 C:\\Users\\Alber\\Documents\\xrom\\closca_api\\vendor\\webklex\\php-imap\\src\\Query\\Query.php(378): Webklex\\PHPIMAP\\Query\\Query->search()
#4 C:\\Users\\Alber\\Documents\\xrom\\closca_api\\app\\Console\\Commands\\CheckMails.php(37): Webklex\\PHPIMAP\\Query\\Query->get()
#5 C:\\Users\\Alber\\Documents\\xrom\\closca_api\\vendor\\laravel\\framework\\src\\Illuminate\\Container\\BoundMethod.php(36): App\\Console\\Commands\\CheckMails->handle()
#6 C:\\Users\\Alber\\Documents\\xrom\\closca_api\\vendor\\laravel\\framework\\src\\Illuminate\\Container\\Util.php(41): Illuminate\\Container\\BoundMethod::Illuminate\\Container\\{closure}()
#7 C:\\Users\\Alber\\Documents\\xrom\\closca_api\\vendor\\laravel\\framework\\src\\Illuminate\\Container\\BoundMethod.php(93): Illuminate\\Container\\Util::unwrapIfClosure(Object(Closure))
#8 C:\\Users\\Alber\\Documents\\xrom\\closca_api\\vendor\\laravel\\framework\\src\\Illuminate\\Container\\BoundMethod.php(37): Illuminate\\Container\\BoundMethod::callBoundMethod(Object(Illuminate\\Foundation\\Application), Array, Object(Closure))
#9 C:\\Users\\Alber\\Documents\\xrom\\closca_api\\vendor\\laravel\\framework\\src\\Illuminate\\Container\\Container.php(662): Illuminate\\Container\\BoundMethod::call(Object(Illuminate\\Foundation\\Application), Array, Array, NULL)
#10 C:\\Users\\Alber\\Documents\\xrom\\closca_api\\vendor\\laravel\\framework\\src\\Illuminate\\Console\\Command.php(211): Illuminate\\Container\\Container->call(Array)
#11 C:\\Users\\Alber\\Documents\\xrom\\closca_api\\vendor\\symfony\\console\\Command\\Command.php(326): Illuminate\\Console\\Command->execute(Object(Symfony\\Component\\Console\\Input\\ArgvInput), Object(Illuminate\\Console\\OutputStyle))
#12 C:\\Users\\Alber\\Documents\\xrom\\closca_api\\vendor\\laravel\\framework\\src\\Illuminate\\Console\\Command.php(181): Symfony\\Component\\Console\\Command\\Command->run(Object(Symfony\\Component\\Console\\Input\\ArgvInput), Object(Illuminate\\Console\\OutputStyle))
#13 C:\\Users\\Alber\\Documents\\xrom\\closca_api\\vendor\\symfony\\console\\Application.php(1096): Illuminate\\Console\\Command->run(Object(Symfony\\Component\\Console\\Input\\ArgvInput), Object(Symfony\\Component\\Console\\Output\\ConsoleOutput))
#14 C:\\Users\\Alber\\Documents\\xrom\\closca_api\\vendor\\symfony\\console\\Application.php(324): Symfony\\Component\\Console\\Application->doRunCommand(Object(App\\Console\\Commands\\CheckMails), Object(Symfony\\Component\\Console\\Input\\ArgvInput), Object(Symfony\\Component\\Console\\Output\\ConsoleOutput))
#15 C:\\Users\\Alber\\Documents\\xrom\\closca_api\\vendor\\symfony\\console\\Application.php(175): Symfony\\Component\\Console\\Application->doRun(Object(Symfony\\Component\\Console\\Input\\ArgvInput), Object(Symfony\\Component\\Console\\Output\\ConsoleOutput))
#16 C:\\Users\\Alber\\Documents\\xrom\\closca_api\\vendor\\laravel\\framework\\src\\Illuminate\\Foundation\\Console\\Kernel.php(201): Symfony\\Component\\Console\\Application->run(Object(Symfony\\Component\\Console\\Input\\ArgvInput), Object(Symfony\\Component\\Console\\Output\\ConsoleOutput))
#17 C:\\Users\\Alber\\Documents\\xrom\\closca_api\\artisan(37): Illuminate\\Foundation\\Console\\Kernel->handle(Object(Symfony\\Component\\Console\\Input\\ArgvInput), Object(Symfony\\Component\\Console\\Output\\ConsoleOutput))
#18 {main}
"} 
[2024-10-19 20:05:07] local.INFO: Iniciando el proceso de revisión de correos de los últimos 10 minutos.  
[2024-10-19 20:05:08] local.INFO: Conexión al servidor IMAP exitosa.  
[2024-10-19 20:05:08] local.INFO: Obteniendo mensajes no leídos desde los últimos 10 minutos: 2024-10-19 19:55:08  
[2024-10-19 20:05:09] local.INFO: Número de mensajes no leídos encontrados: 0  
[2024-10-19 20:05:09] local.INFO: Desconexión del servidor IMAP completada.  
[2024-10-19 20:05:35] local.INFO: Iniciando el proceso de revisión de correos de los últimos 10 minutos.  
[2024-10-19 20:05:36] local.INFO: Conexión al servidor IMAP exitosa.  
[2024-10-19 20:05:36] local.INFO: Obteniendo mensajes no leídos desde los últimos 10 minutos: 2024-10-19 19:55:36  
[2024-10-19 20:05:36] local.INFO: Número de mensajes no leídos encontrados: 0  
[2024-10-19 20:05:37] local.INFO: Desconexión del servidor IMAP completada.  
[2024-10-19 20:05:52] local.INFO: Iniciando el proceso de revisión de correos de los últimos 10 minutos.  
[2024-10-19 20:05:53] local.INFO: Conexión al servidor IMAP exitosa.  
[2024-10-19 20:05:53] local.INFO: Obteniendo mensajes no leídos desde los últimos 10 minutos: 2024-10-19 19:55:53  
[2024-10-19 20:05:54] local.INFO: Número de mensajes no leídos encontrados: 0  
[2024-10-19 20:05:54] local.INFO: Desconexión del servidor IMAP completada.  
[2024-10-19 20:06:24] local.INFO: Iniciando el proceso de revisión de correos de los últimos 10 minutos.  
[2024-10-19 20:06:24] local.INFO: Conexión al servidor IMAP exitosa.  
[2024-10-19 20:06:25] local.INFO: Obteniendo mensajes no leídos desde los últimos 10 minutos: 2024-10-19 19:56:25  
[2024-10-19 20:06:25] local.INFO: Número de mensajes no leídos encontrados: 0  
[2024-10-19 20:06:25] local.INFO: Desconexión del servidor IMAP completada.  
[2024-10-19 20:08:34] local.INFO: Iniciando el proceso de revisión de correos de los últimos 10 minutos.  
[2024-10-19 20:08:35] local.INFO: Conexión al servidor IMAP exitosa.  
[2024-10-19 20:08:35] local.INFO: Obteniendo mensajes no leídos desde los últimos 10 minutos: 2024-10-19 19:58:35  
[2024-10-19 20:08:36] local.INFO: Número de mensajes no leídos encontrados: 0  
[2024-10-19 20:08:36] local.INFO: Desconexión del servidor IMAP completada.  
[2024-10-19 20:08:43] local.INFO: Iniciando el proceso de revisión de correos de los últimos 10 minutos.  
[2024-10-19 20:08:44] local.INFO: Conexión al servidor IMAP exitosa.  
[2024-10-19 20:08:44] local.INFO: Obteniendo mensajes no leídos desde los últimos 10 minutos: 2024-10-19 19:58:44  
[2024-10-19 20:08:45] local.INFO: Número de mensajes no leídos encontrados: 0  
[2024-10-19 20:08:45] local.INFO: Desconexión del servidor IMAP completada.  
